Router (Router)::init :: 92	/
Router (Router)::routeV1 :: 271	arg `bundleidentifier` not set
Router (Router)::routeV1 :: 272	arg `type` not set
AppUpdater (AppUpdater)::getApplicationVersions :: 296	arg `lang` not set
AppUpdater (AppUpdater)::getApplicationVersions :: 296	arg `lang` not set
AppUpdater (AppUpdater)::getApplicationVersions :: 296	arg `lang` not set
Router (Router)::init :: 92	/
Router (Router)::routeV1 :: 271	arg `bundleidentifier` not set
Router (Router)::routeV1 :: 272	arg `type` not set
AppUpdater (AppUpdater)::getApplicationVersions :: 296	arg `lang` not set
AppUpdater (AppUpdater)::getApplicationVersions :: 296	arg `lang` not set
AppUpdater (AppUpdater)::getApplicationVersions :: 296	arg `lang` not set
AppUpdater (AppUpdater)::getApplicationVersions :: 296	arg `lang` not set
Router (Router)::init :: 92	/
Router (Router)::routeV1 :: 271	arg `bundleidentifier` not set
Router (Router)::routeV1 :: 272	arg `type` not set
AppUpdater (AppUpdater)::getApplicationVersions :: 296	arg `lang` not set
AppUpdater (AppUpdater)::getApplicationVersions :: 296	arg `lang` not set
AppUpdater (AppUpdater)::getApplicationVersions :: 296	arg `lang` not set
AppUpdater (AppUpdater)::getApplicationVersions :: 296	arg `lang` not set
Router (Router)::init :: 92	/
Router (Router)::routeV1 :: 271	arg `bundleidentifier` not set
Router (Router)::routeV1 :: 272	arg `type` not set
AppUpdater (AppUpdater)::getApplicationVersions :: 296	arg `lang` not set
AppUpdater (AppUpdater)::getApplicationVersions :: 296	arg `lang` not set
AppUpdater (AppUpdater)::getApplicationVersions :: 296	arg `lang` not set
AppUpdater (AppUpdater)::getApplicationVersions :: 296	arg `lang` not set
Router (Router)::init :: 92	/
Router (Router)::routeV1 :: 271	arg `bundleidentifier` not set
Router (Router)::routeV1 :: 272	arg `type` not set
AppUpdater (AppUpdater)::getApplicationVersions :: 296	arg `lang` not set
AppUpdater (AppUpdater)::getApplicationVersions :: 296	arg `lang` not set
AppUpdater (AppUpdater)::getApplicationVersions :: 296	arg `lang` not set
AppUpdater (AppUpdater)::getApplicationVersions :: 296	arg `lang` not set
Router (Router)::init :: 92	/
Router (Router)::routeV1 :: 271	arg `bundleidentifier` not set
Router (Router)::routeV1 :: 272	arg `type` not set
AppUpdater (AppUpdater)::getApplicationVersions :: 296	arg `lang` not set
AppUpdater (AppUpdater)::getApplicationVersions :: 296	arg `lang` not set
AppUpdater (AppUpdater)::getApplicationVersions :: 296	arg `lang` not set
AppUpdater (AppUpdater)::getApplicationVersions :: 296	arg `lang` not set
Router (Router)::init :: 92	/
Router (Router)::routeV1 :: 271	arg `bundleidentifier` not set
Router (Router)::routeV1 :: 272	arg `type` not set
AppUpdater (AppUpdater)::getApplicationVersions :: 296	arg `lang` not set
AppUpdater (AppUpdater)::getApplicationVersions :: 296	arg `lang` not set
AppUpdater (AppUpdater)::getApplicationVersions :: 296	arg `lang` not set
AppUpdater (AppUpdater)::getApplicationVersions :: 296	arg `lang` not set
Router (Router)::init :: 92	/
Router (Router)::routeV1 :: 271	arg `bundleidentifier` not set
Router (Router)::routeV1 :: 272	arg `type` not set
AppUpdater (AppUpdater)::getApplicationVersions :: 296	arg `lang` not set
AppUpdater (AppUpdater)::getApplicationVersions :: 296	arg `lang` not set
AppUpdater (AppUpdater)::getApplicationVersions :: 296	arg `lang` not set
AppUpdater (AppUpdater)::getApplicationVersions :: 296	arg `lang` not set
Router (Router)::init :: 92	/
Router (Router)::routeV1 :: 271	arg `bundleidentifier` not set
Router (Router)::routeV1 :: 272	arg `type` not set
AppUpdater (AppUpdater)::getApplicationVersions :: 296	arg `lang` not set
AppUpdater (AppUpdater)::getApplicationVersions :: 296	arg `lang` not set
AppUpdater (AppUpdater)::getApplicationVersions :: 296	arg `lang` not set
AppUpdater (AppUpdater)::getApplicationVersions :: 296	arg `lang` not set
Router (Router)::init :: 92	/
Router (Router)::routeV1 :: 271	arg `bundleidentifier` not set
Router (Router)::routeV1 :: 272	arg `type` not set
AppUpdater (AppUpdater)::getApplicationVersions :: 296	arg `lang` not set
AppUpdater (AppUpdater)::getApplicationVersions :: 296	arg `lang` not set
AppUpdater (AppUpdater)::getApplicationVersions :: 296	arg `lang` not set
AppUpdater (AppUpdater)::getApplicationVersions :: 296	arg `lang` not set
Router (Router)::init :: 92	/
Router (Router)::routeV1 :: 271	arg `bundleidentifier` not set
Router (Router)::routeV1 :: 272	arg `type` not set
AppUpdater (AppUpdater)::getApplicationVersions :: 296	arg `lang` not set
AppUpdater (AppUpdater)::getApplicationVersions :: 296	arg `lang` not set
AppUpdater (AppUpdater)::getApplicationVersions :: 296	arg `lang` not set
AppUpdater (AppUpdater)::getApplicationVersions :: 296	arg `lang` not set
Router (Router)::init :: 92	/
Router (Router)::routeV1 :: 271	arg `bundleidentifier` not set
Router (Router)::routeV1 :: 272	arg `type` not set
AppUpdater (AppUpdater)::getApplicationVersions :: 296	arg `lang` not set
AppUpdater (AppUpdater)::getApplicationVersions :: 296	arg `lang` not set
AppUpdater (AppUpdater)::getApplicationVersions :: 296	arg `lang` not set
AppUpdater (AppUpdater)::getApplicationVersions :: 296	arg `lang` not set
Router (Router)::init :: 92	/
Router (Router)::routeV1 :: 271	arg `bundleidentifier` not set
Router (Router)::routeV1 :: 272	arg `type` not set
AppUpdater (AppUpdater)::getApplicationVersions :: 296	arg `lang` not set
AppUpdater (AppUpdater)::getApplicationVersions :: 296	arg `lang` not set
AppUpdater (AppUpdater)::getApplicationVersions :: 296	arg `lang` not set
AppUpdater (AppUpdater)::getApplicationVersions :: 296	arg `lang` not set
Router (Router)::init :: 92	/
Router (Router)::routeV1 :: 271	arg `bundleidentifier` not set
Router (Router)::routeV1 :: 272	arg `type` not set
AppUpdater (AppUpdater)::getApplicationVersions :: 296	arg `lang` not set
AppUpdater (AppUpdater)::getApplicationVersions :: 296	arg `lang` not set
AppUpdater (AppUpdater)::getApplicationVersions :: 296	arg `lang` not set
AppUpdater (AppUpdater)::getApplicationVersions :: 296	arg `lang` not set
Router (Router)::init :: 92	/
Router (Router)::routeV1 :: 271	arg `bundleidentifier` not set
Router (Router)::routeV1 :: 272	arg `type` not set
AppUpdater (AppUpdater)::getApplicationVersions :: 296	arg `lang` not set
AppUpdater (AppUpdater)::getApplicationVersions :: 296	arg `lang` not set
AppUpdater (AppUpdater)::getApplicationVersions :: 296	arg `lang` not set
AppUpdater (AppUpdater)::getApplicationVersions :: 296	arg `lang` not set
Router (Router)::init :: 92	/api/2/apps/testHockey.%EF%80%A1?format=mobileprovision
Router (Router)::init :: 92	/
Router (Router)::routeV1 :: 271	arg `bundleidentifier` not set
Router (Router)::routeV1 :: 272	arg `type` not set
AppUpdater (AppUpdater)::getApplicationVersions :: 296	arg `lang` not set
AppUpdater (AppUpdater)::getApplicationVersions :: 296	arg `lang` not set
AppUpdater (AppUpdater)::getApplicationVersions :: 296	arg `lang` not set
AppUpdater (AppUpdater)::getApplicationVersions :: 296	arg `lang` not set
Router (Router)::init :: 92	/api/2/apps/7MDA67429Z.%EF%80%A1?format=mobileprovision
Router (Router)::init :: 92	/api/2/apps/7MDA67429Z.%EF%80%A1?format=mobileprovision
Router (Router)::init :: 92	/
Router (Router)::routeV1 :: 271	arg `bundleidentifier` not set
Router (Router)::routeV1 :: 272	arg `type` not set
AppUpdater (AppUpdater)::getApplicationVersions :: 296	arg `lang` not set
AppUpdater (AppUpdater)::getApplicationVersions :: 296	arg `lang` not set
AppUpdater (AppUpdater)::getApplicationVersions :: 296	arg `lang` not set
AppUpdater (AppUpdater)::getApplicationVersions :: 296	arg `lang` not set
Router (Router)::init :: 92	/
Router (Router)::routeV1 :: 271	arg `bundleidentifier` not set
Router (Router)::routeV1 :: 272	arg `type` not set
AppUpdater (AppUpdater)::getApplicationVersions :: 296	arg `lang` not set
AppUpdater (AppUpdater)::getApplicationVersions :: 296	arg `lang` not set
AppUpdater (AppUpdater)::getApplicationVersions :: 296	arg `lang` not set
AppUpdater (AppUpdater)::getApplicationVersions :: 296	arg `lang` not set
Router (Router)::init :: 92	/
Router (Router)::routeV1 :: 271	arg `bundleidentifier` not set
Router (Router)::routeV1 :: 272	arg `type` not set
AppUpdater (AppUpdater)::getApplicationVersions :: 296	arg `lang` not set
AppUpdater (AppUpdater)::getApplicationVersions :: 296	arg `lang` not set
AppUpdater (AppUpdater)::getApplicationVersions :: 296	arg `lang` not set
AppUpdater (AppUpdater)::getApplicationVersions :: 296	arg `lang` not set
Router (Router)::init :: 92	/
Router (Router)::routeV1 :: 271	arg `bundleidentifier` not set
Router (Router)::routeV1 :: 272	arg `type` not set
AppUpdater (AppUpdater)::getApplicationVersions :: 296	arg `lang` not set
AppUpdater (AppUpdater)::getApplicationVersions :: 296	arg `lang` not set
AppUpdater (AppUpdater)::getApplicationVersions :: 296	arg `lang` not set
AppUpdater (AppUpdater)::getApplicationVersions :: 296	arg `lang` not set
Router (Router)::init :: 92	/
Router (Router)::routeV1 :: 271	arg `bundleidentifier` not set
Router (Router)::routeV1 :: 272	arg `type` not set
AppUpdater (AppUpdater)::getApplicationVersions :: 296	arg `lang` not set
AppUpdater (AppUpdater)::getApplicationVersions :: 296	arg `lang` not set
AppUpdater (AppUpdater)::getApplicationVersions :: 296	arg `lang` not set
AppUpdater (AppUpdater)::getApplicationVersions :: 296	arg `lang` not set
Router (Router)::init :: 92	/
Router (Router)::routeV1 :: 271	arg `bundleidentifier` not set
Router (Router)::routeV1 :: 272	arg `type` not set
AppUpdater (AppUpdater)::getApplicationVersions :: 296	arg `lang` not set
AppUpdater (AppUpdater)::getApplicationVersions :: 296	arg `lang` not set
AppUpdater (AppUpdater)::getApplicationVersions :: 296	arg `lang` not set
AppUpdater (AppUpdater)::getApplicationVersions :: 296	arg `lang` not set
Router (Router)::init :: 92	/
Router (Router)::routeV1 :: 271	arg `bundleidentifier` not set
Router (Router)::routeV1 :: 272	arg `type` not set
AppUpdater (AppUpdater)::getApplicationVersions :: 296	arg `lang` not set
AppUpdater (AppUpdater)::getApplicationVersions :: 296	arg `lang` not set
AppUpdater (AppUpdater)::getApplicationVersions :: 296	arg `lang` not set
AppUpdater (AppUpdater)::getApplicationVersions :: 296	arg `lang` not set
Router (Router)::init :: 92	/api/2/apps/com.getpiggyback.Piggyback.%EF%80%A1?format=mobileprovision
Router (Router)::init :: 92	/
Router (Router)::routeV1 :: 271	arg `bundleidentifier` not set
Router (Router)::routeV1 :: 272	arg `type` not set
AppUpdater (AppUpdater)::getApplicationVersions :: 296	arg `lang` not set
AppUpdater (AppUpdater)::getApplicationVersions :: 296	arg `lang` not set
AppUpdater (AppUpdater)::getApplicationVersions :: 296	arg `lang` not set
AppUpdater (AppUpdater)::getApplicationVersions :: 296	arg `lang` not set
Router (Router)::init :: 92	/
Router (Router)::routeV1 :: 271	arg `bundleidentifier` not set
Router (Router)::routeV1 :: 272	arg `type` not set
AppUpdater (AppUpdater)::getApplicationVersions :: 296	arg `lang` not set
AppUpdater (AppUpdater)::getApplicationVersions :: 296	arg `lang` not set
AppUpdater (AppUpdater)::getApplicationVersions :: 296	arg `lang` not set
AppUpdater (AppUpdater)::getApplicationVersions :: 296	arg `lang` not set
Router (Router)::init :: 92	/
Router (Router)::routeV1 :: 271	arg `bundleidentifier` not set
Router (Router)::routeV1 :: 272	arg `type` not set
AppUpdater (AppUpdater)::getApplicationVersions :: 296	arg `lang` not set
AppUpdater (AppUpdater)::getApplicationVersions :: 296	arg `lang` not set
AppUpdater (AppUpdater)::getApplicationVersions :: 296	arg `lang` not set
AppUpdater (AppUpdater)::getApplicationVersions :: 296	arg `lang` not set
Router (Router)::init :: 92	/
Router (Router)::routeV1 :: 271	arg `bundleidentifier` not set
Router (Router)::routeV1 :: 272	arg `type` not set
AppUpdater (AppUpdater)::getApplicationVersions :: 296	arg `lang` not set
AppUpdater (AppUpdater)::getApplicationVersions :: 296	arg `lang` not set
AppUpdater (AppUpdater)::getApplicationVersions :: 296	arg `lang` not set
AppUpdater (AppUpdater)::getApplicationVersions :: 296	arg `lang` not set
Router (Router)::init :: 92	/
Router (Router)::routeV1 :: 271	arg `bundleidentifier` not set
Router (Router)::routeV1 :: 272	arg `type` not set
AppUpdater (AppUpdater)::getApplicationVersions :: 296	arg `lang` not set
AppUpdater (AppUpdater)::getApplicationVersions :: 296	arg `lang` not set
AppUpdater (AppUpdater)::getApplicationVersions :: 296	arg `lang` not set
AppUpdater (AppUpdater)::getApplicationVersions :: 296	arg `lang` not set
Router (Router)::init :: 92	/api/2/apps/com.getpiggyback.Piggyback.%EF%80%A1?format=mobileprovision
